0 info it worked if it ends with ok
1 verbose cli [ 'C:\\Program Files (x86)\\nodejs\\node.exe',
1 verbose cli   'C:\\Users\\Lars\\AppData\\Roaming\\npm\\node_modules\\npm\\bin\\npm-cli.js',
1 verbose cli   'start' ]
2 info using npm@3.9.0
3 info using node@v4.4.4
4 verbose run-script [ 'prestart', 'start', 'poststart' ]
5 info lifecycle expressfordevelopment@1.0.0~prestart: expressfordevelopment@1.0.0
6 silly lifecycle expressfordevelopment@1.0.0~prestart: no script for prestart, continuing
7 info lifecycle expressfordevelopment@1.0.0~start: expressfordevelopment@1.0.0
8 verbose lifecycle expressfordevelopment@1.0.0~start: unsafe-perm in lifecycle true
9 verbose lifecycle expressfordevelopment@1.0.0~start: PATH: C:\Users\Lars\AppData\Roaming\npm\node_modules\npm\bin\node-gyp-bin;C:\Users\Lars\Desktop\Uni\6. Semester\Projekt\CrowdInsurance\ExpressForDevelopment\node_modules\.bin;C:\Program Files (x86)\nodejs;C:\ProgramData\Oracle\Java\javapath;C:\Program Files (x86)\Intel\iCLS Client\;C:\Program Files\Intel\iCLS Client\;C:\Windows\system32;C:\Windows;C:\Windows\System32\Wbem;C:\Windows\System32\WindowsPowerShell\v1.0\;C:\Program Files (x86)\Intel\Intel(R) Management Engine Components\DAL;C:\Program Files\Intel\Intel(R) Management Engine Components\DAL;C:\Program Files (x86)\Intel\Intel(R) Management Engine Components\IPT;C:\Program Files\Intel\Intel(R) Management Engine Components\IPT;C:\Program Files (x86)\NVIDIA Corporation\PhysX\Common;C:\Program Files (x86)\Brackets\command;C:\Program Files\MiKTeX 2.9\miktex\bin\x64\;C:\WINDOWS\system32;C:\WINDOWS;C:\WINDOWS\System32\Wbem;C:\WINDOWS\System32\WindowsPowerShell\v1.0\;C:\Program Files\Git\cmd;C:\Program Files\Git\mingw64\bin;C:\Program Files\Git\usr\bin;C:\Program Files (x86)\nodejs\;C:\Users\Lars\AppData\Roaming\npm
10 verbose lifecycle expressfordevelopment@1.0.0~start: CWD: C:\Users\Lars\Desktop\Uni\6. Semester\Projekt\CrowdInsurance\ExpressForDevelopment
11 silly lifecycle expressfordevelopment@1.0.0~start: Args: [ '/d /s /c', 'node server.js' ]
12 silly lifecycle expressfordevelopment@1.0.0~start: Returned: code: 3221225786  signal: null
13 info lifecycle expressfordevelopment@1.0.0~start: Failed to exec start script
14 verbose stack Error: expressfordevelopment@1.0.0 start: `node server.js`
14 verbose stack Exit status 3221225786
14 verbose stack     at EventEmitter.<anonymous> (C:\Users\Lars\AppData\Roaming\npm\node_modules\npm\lib\utils\lifecycle.js:245:16)
14 verbose stack     at emitTwo (events.js:87:13)
14 verbose stack     at EventEmitter.emit (events.js:172:7)
14 verbose stack     at ChildProcess.<anonymous> (C:\Users\Lars\AppData\Roaming\npm\node_modules\npm\lib\utils\spawn.js:24:14)
14 verbose stack     at emitTwo (events.js:87:13)
14 verbose stack     at ChildProcess.emit (events.js:172:7)
14 verbose stack     at maybeClose (internal/child_process.js:827:16)
14 verbose stack     at Process.ChildProcess._handle.onexit (internal/child_process.js:211:5)
15 verbose pkgid expressfordevelopment@1.0.0
16 verbose cwd C:\Users\Lars\Desktop\Uni\6. Semester\Projekt\CrowdInsurance\ExpressForDevelopment
17 error Windows_NT 10.0.10586
18 error argv "C:\\Program Files (x86)\\nodejs\\node.exe" "C:\\Users\\Lars\\AppData\\Roaming\\npm\\node_modules\\npm\\bin\\npm-cli.js" "start"
19 error node v4.4.4
20 error npm  v3.9.0
21 error code ELIFECYCLE
22 error expressfordevelopment@1.0.0 start: `node server.js`
22 error Exit status 3221225786
23 error Failed at the expressfordevelopment@1.0.0 start script 'node server.js'.
23 error Make sure you have the latest version of node.js and npm installed.
23 error If you do, this is most likely a problem with the expressfordevelopment package,
23 error not with npm itself.
23 error Tell the author that this fails on your system:
23 error     node server.js
23 error You can get information on how to open an issue for this project with:
23 error     npm bugs expressfordevelopment
23 error Or if that isn't available, you can get their info via:
23 error     npm owner ls expressfordevelopment
23 error There is likely additional logging output above.
24 verbose exit [ 1, true ]
